<?xml version="1.0" encoding="UTF-8"?>
<testsuite xmlns:xsi="http://www.w3.org/2001/XMLSchema-instance" xsi:noNamespaceSchemaLocation="https://maven.apache.org/surefire/maven-surefire-plugin/xsd/surefire-test-report.xsd" version="3.0.2" name="com.example.demo.FinalProjectApplicationTests" time="16.214" tests="1" errors="0" skipped="0" failures="0">
  <properties>
[...]
</properties>
  <testcase name="contextLoads" classname="com.example.demo.FinalProjectApplicationTests" time="0.922">
    <system-out><![CDATA[17:35:53.340 [main] INFO org.springframework.test.context.support.AnnotationConfigContextLoaderUtils -- Could not detect default configuration classes for test class [com.example.demo.FinalProjectApplicationTests]: FinalProjectApplicationTests does not declare any static, non-private, non-final, nested classes annotated with @Configuration.
17:35:53.668 [main] INFO org.springframework.boot.test.context.SpringBootTestContextBootstrapper -- Found @SpringBootConfiguration com.example.demo.FinalProjectApplication for test class com.example.demo.FinalProjectApplicationTests
17:35:54.221 [main] INFO org.springframework.boot.devtools.restart.RestartApplicationListener -- Restart disabled due to context in which it is running

  .   ____          _            __ _ _
 /\\ / ___'_ __ _ _(_)_ __  __ _ \ \ \ \
( ( )\___ | '_ | '_| | '_ \/ _` | \ \ \ \
 \\/  ___)| |_)| | | | | || (_| |  ) ) ) )
  '  |____| .__|_| |_|_| |_\__, | / / / /
 =========|_|==============|___/=/_/_/_/

 :: Spring Boot ::                (v3.4.4)

2025-04-13T17:35:55.171-04:00  INFO 10648 --- [final-project] [           main] c.e.demo.FinalProjectApplicationTests    : Starting FinalProjectApplicationTests using Java 17.0.12 with PID 10648 (started by ahwas in C:\Users\ahwas\OneDrive\Desktop\cpan228-final-project)
2025-04-13T17:35:55.171-04:00  INFO 10648 --- [final-project] [           main] c.e.demo.FinalProjectApplicationTests    : The following 1 profile is active: "dev"
2025-04-13T17:35:57.892-04:00  INFO 10648 --- [final-project] [           main] .s.d.r.c.RepositoryConfigurationDelegate : Bootstrapping Spring Data JPA repositories in DEFAULT mode.
2025-04-13T17:35:58.074-04:00  INFO 10648 --- [final-project] [           main] .s.d.r.c.RepositoryConfigurationDelegate : Finished Spring Data repository scanning in 157 ms. Found 3 JPA repository interfaces.
2025-04-13T17:36:00.022-04:00  INFO 10648 --- [final-project] [           main] o.hibernate.jpa.internal.util.LogHelper  : HHH000204: Processing PersistenceUnitInfo [name: default]
2025-04-13T17:36:00.231-04:00  INFO 10648 --- [final-project] [           main] org.hibernate.Version                    : HHH000412: Hibernate ORM core version 6.6.11.Final
2025-04-13T17:36:00.310-04:00  INFO 10648 --- [final-project] [           main] o.h.c.internal.RegionFactoryInitiator    : HHH000026: Second-level cache disabled
2025-04-13T17:36:01.145-04:00  INFO 10648 --- [final-project] [           main] o.s.o.j.p.SpringPersistenceUnitInfo      : No LoadTimeWeaver setup: ignoring JPA class transformer
2025-04-13T17:36:01.235-04:00  INFO 10648 --- [final-project] [           main] com.zaxxer.hikari.HikariDataSource       : HikariPool-1 - Starting...
2025-04-13T17:36:01.633-04:00  INFO 10648 --- [final-project] [           main] com.zaxxer.hikari.pool.HikariPool        : HikariPool-1 - Added connection conn0: url=jdbc:h2:mem:devdb user=SA
2025-04-13T17:36:01.639-04:00  INFO 10648 --- [final-project] [           main] com.zaxxer.hikari.HikariDataSource       : HikariPool-1 - Start completed.
2025-04-13T17:36:01.794-04:00  INFO 10648 --- [final-project] [           main] org.hibernate.orm.connections.pooling    : HHH10001005: Database info:
	Database JDBC URL [Connecting through datasource 'HikariDataSource (HikariPool-1)']
	Database driver: undefined/unknown
	Database version: 2.3.232
	Autocommit mode: undefined/unknown
	Isolation level: undefined/unknown
	Minimum pool size: undefined/unknown
	Maximum pool size: undefined/unknown
2025-04-13T17:36:03.481-04:00  INFO 10648 --- [final-project] [           main] o.h.e.t.j.p.i.JtaPlatformInitiator       : HHH000489: No JTA platform available (set 'hibernate.transaction.jta.platform' to enable JTA platform integration)
Hibernate: create table distribution_centre (id bigint generated by default as identity, latitude float(53) not null, longitude float(53) not null, name varchar(255), primary key (id))
Hibernate: create table item (id bigint generated by default as identity, brand enum ('BALENCIAGA','GUCCI','LOUIS_VUITTON','PRADA','VERSACE'), created_at date, name varchar(255), price float(53) not null, year_created integer not null, primary key (id))
Hibernate: create table stock (id bigint generated by default as identity, quantity integer not null, distribution_centre_id bigint, item_id bigint, primary key (id))
Hibernate: alter table if exists stock add constraint FK4k72wb4ccthxu37n6n5y1f0n6 foreign key (distribution_centre_id) references distribution_centre
Hibernate: alter table if exists stock add constraint FKf3gqo6e3aged60kygtbmtsd8s foreign key (item_id) references item
2025-04-13T17:36:03.599-04:00  INFO 10648 --- [final-project] [           main] j.LocalContainerEntityManagerFactoryBean : Initialized JPA EntityManagerFactory for persistence unit 'default'
2025-04-13T17:36:04.719-04:00  WARN 10648 --- [final-project] [           main] JpaBaseConfiguration$JpaWebConfiguration : spring.jpa.open-in-view is enabled by default. Therefore, database queries may be performed during view rendering. Explicitly configure spring.jpa.open-in-view to disable this warning
2025-04-13T17:36:04.849-04:00  WARN 10648 --- [final-project] [           main] .s.s.UserDetailsServiceAutoConfiguration : 

Using generated security password: dbe344f8-19fd-40af-9bb7-c00d6d75507b

This generated password is for development use only. Your security configuration must be updated before running your application in production.

2025-04-13T17:36:04.951-04:00  INFO 10648 --- [final-project] [           main] r$InitializeUserDetailsManagerConfigurer : Global AuthenticationManager configured with UserDetailsService bean with name inMemoryUserDetailsManager
2025-04-13T17:36:06.133-04:00  INFO 10648 --- [final-project] [           main] o.s.b.a.e.web.EndpointLinksResolver      : Exposing 1 endpoint beneath base path '/actuator'
2025-04-13T17:36:07.540-04:00  INFO 10648 --- [final-project] [           main] o.s.b.a.h2.H2ConsoleAutoConfiguration    : H2 console available at '/h2-console'. Database available at 'jdbc:h2:mem:devdb'
2025-04-13T17:36:07.878-04:00  INFO 10648 --- [final-project] [           main] c.e.demo.FinalProjectApplicationTests    : Started FinalProjectApplicationTests in 13.689 seconds (process running for 16.708)
Hibernate: insert into distribution_centre (latitude,longitude,name,id) values (?,?,?,default)
Hibernate: insert into distribution_centre (latitude,longitude,name,id) values (?,?,?,default)
Hibernate: insert into distribution_centre (latitude,longitude,name,id) values (?,?,?,default)
Hibernate: insert into distribution_centre (latitude,longitude,name,id) values (?,?,?,default)
Hibernate: insert into item (brand,created_at,name,price,year_created,id) values (?,?,?,?,?,default)
Hibernate: insert into item (brand,created_at,name,price,year_created,id) values (?,?,?,?,?,default)
Hibernate: insert into item (brand,created_at,name,price,year_created,id) values (?,?,?,?,?,default)
Hibernate: insert into item (brand,created_at,name,price,year_created,id) values (?,?,?,?,?,default)
Hibernate: insert into item (brand,created_at,name,price,year_created,id) values (?,?,?,?,?,default)
Hibernate: insert into stock (distribution_centre_id,item_id,quantity,id) values (?,?,?,default)
Hibernate: insert into stock (distribution_centre_id,item_id,quantity,id) values (?,?,?,default)
Hibernate: insert into stock (distribution_centre_id,item_id,quantity,id) values (?,?,?,default)
Hibernate: insert into stock (distribution_centre_id,item_id,quantity,id) values (?,?,?,default)
Hibernate: insert into stock (distribution_centre_id,item_id,quantity,id) values (?,?,?,default)
Hibernate: insert into stock (distribution_centre_id,item_id,quantity,id) values (?,?,?,default)
]]></system-out>
  </testcase>
</testsuite>